<?xml version="1.0" encoding="UTF-8"?>
<!-- Generated by org.testng.reporters.JUnitReportReporter -->
<testsuite hostname="DESKTOP-145FR99" failures="0" tests="2" name="tests.ExtentreportDemoWithTestNG" time="2.301" errors="0" timestamp="2019-12-03T23:16:54 IST" skipped="0">
  <testcase classname="tests.ExtentreportDemoWithTestNG" name="test1" time="2.293"/>
  <testcase classname="tests.ExtentreportDemoWithTestNG" name="test2" time="0.008"/>
</testsuite> <!-- tests.ExtentreportDemoWithTestNG -->
