<?xml version="1.0" encoding="UTF-8"?>
<!-- Generated by org.testng.reporters.JUnitReportReporter -->
<testsuite hostname="DESKTOP-145FR99" failures="0" tests="3" name="testNGDemo.TestNGDependencyDemo" time="0.022" errors="0" timestamp="2019-12-17T23:24:58 IST" skipped="0">
  <testcase classname="testNGDemo.TestNGDependencyDemo" name="test3" time="0.002"/>
  <testcase classname="testNGDemo.TestNGDependencyDemo" name="test2" time="0.018"/>
  <testcase classname="testNGDemo.TestNGDependencyDemo" name="test1" time="0.002"/>
</testsuite> <!-- testNGDemo.TestNGDependencyDemo -->
