<?xml version="1.0" encoding="UTF-8"?>
<!-- Generated by org.testng.reporters.JUnitReportReporter -->
<testsuite hostname="DESKTOP-145FR99" failures="0" tests="3" name="testNGDemo.TestNGPriorityDemo" time="0.024" errors="0" timestamp="2019-12-09T23:58:43 IST" skipped="0">
  <testcase classname="testNGDemo.TestNGPriorityDemo" name="one" time="0.019"/>
  <testcase classname="testNGDemo.TestNGPriorityDemo" name="two" time="0.002"/>
  <testcase classname="testNGDemo.TestNGPriorityDemo" name="three" time="0.003"/>
</testsuite> <!-- testNGDemo.TestNGPriorityDemo -->
