<?xml version="1.0" encoding="UTF-8"?>
<!-- Generated by org.testng.reporters.JUnitReportReporter -->
<testsuite hostname="DESKTOP-145FR99" failures="0" tests="2" name="testNGDemo.TestNGIgnoreTestDemo" time="0.021" errors="0" timestamp="2019-12-18T23:07:13 IST" skipped="1">
  <testcase classname="testNGDemo.TestNGIgnoreTestDemo" name="test2" time="0.021"/>
  <testcase classname="testNGDemo.TestNGIgnoreTestDemo" name="test1">
    <skipped/>
  </testcase> <!-- test1 -->
</testsuite> <!-- testNGDemo.TestNGIgnoreTestDemo -->
