<?xml version="1.0" encoding="UTF-8"?>
<!-- Generated by org.testng.reporters.JUnitReportReporter -->
<testsuite hostname="DESKTOP-145FR99" failures="0" tests="4" name="testNGDemo.TestNGGroupsDemo" time="0.037" errors="0" timestamp="2019-12-12T23:48:09 IST" skipped="0">
  <testcase classname="testNGDemo.TestNGGroupsDemo" name="test3" time="0.006"/>
  <testcase classname="testNGDemo.TestNGGroupsDemo" name="test2" time="0.005"/>
  <testcase classname="testNGDemo.TestNGGroupsDemo" name="test4" time="0.002"/>
  <testcase classname="testNGDemo.TestNGGroupsDemo" name="test1" time="0.024"/>
</testsuite> <!-- testNGDemo.TestNGGroupsDemo -->
