<?xml version="1.0" encoding="UTF-8"?>
<!-- Generated by org.testng.reporters.JUnitReportReporter -->
<testsuite hostname="DESKTOP-145FR99" failures="0" tests="1" name="tests.GoogleSearchTestwithTestNG2" time="2.413" errors="0" timestamp="2019-12-05T00:04:58 IST" skipped="0">
  <testcase classname="tests.GoogleSearchTestwithTestNG2" name="googleSarch3" time="2.413"/>
</testsuite> <!-- tests.GoogleSearchTestwithTestNG2 -->
