<?xml version="1.0" encoding="UTF-8"?>
<!-- Generated by org.testng.reporters.JUnitReportReporter -->
<testsuite hostname="DESKTOP-145FR99" failures="0" tests="1" name="testNGDemo.TestNGParametersDemo" time="0.019" errors="0" timestamp="2019-12-15T21:17:03 IST" skipped="0">
  <testcase classname="testNGDemo.TestNGParametersDemo" name="test" time="0.019"/>
</testsuite> <!-- testNGDemo.TestNGParametersDemo -->
