<?xml version="1.0" encoding="UTF-8"?>
<!-- Generated by org.testng.reporters.JUnitReportReporter -->
<testsuite hostname="DESKTOP-145FR99" failures="0" tests="2" name="testNGDemo.TestNGMultiBrowserDemo" time="11.952" errors="0" timestamp="2019-12-12T00:11:21 IST" skipped="0">
  <testcase classname="testNGDemo.TestNGMultiBrowserDemo" name="test1" time="5.647"/>
  <testcase classname="testNGDemo.TestNGMultiBrowserDemo" name="test1" time="6.305"/>
</testsuite> <!-- testNGDemo.TestNGMultiBrowserDemo -->
