<?xml version="1.0" encoding="UTF-8"?>
<!-- Generated by org.testng.reporters.JUnitReportReporter -->
<testsuite hostname="DESKTOP-145FR99" failures="0" tests="1" name="tests.GoogleSearchTestwithTestNG" time="1.916" errors="0" timestamp="2019-12-07T16:46:00 IST" skipped="0">
  <testcase classname="tests.GoogleSearchTestwithTestNG" name="googleSarch" time="1.916"/>
</testsuite> <!-- tests.GoogleSearchTestwithTestNG -->
