<?xml version="1.0" encoding="UTF-8"?>
<!-- Generated by org.testng.reporters.JUnitReportReporter -->
<testsuite hostname="DESKTOP-145FR99" failures="0" tests="1" name="testNGDemo.AdminLoginwithTestNG" time="4.273" errors="0" timestamp="2019-12-16T23:48:33 IST" skipped="0">
  <testcase classname="testNGDemo.AdminLoginwithTestNG" name="adminLogin" time="4.273"/>
</testsuite> <!-- testNGDemo.AdminLoginwithTestNG -->
